    Updating crates.io index
     Locking 1362 packages to latest compatible versions
      Adding cumulus-client-cli v0.9.0 (available: v0.26.0)
      Adding cumulus-client-collator v0.9.0 (available: v0.26.0)
      Adding cumulus-client-consensus-aura v0.9.0 (available: v0.26.0)
      Adding cumulus-client-consensus-common v0.9.0 (available: v0.26.0)
      Adding cumulus-client-consensus-proposer v0.9.0 (available: v0.22.0)
      Adding cumulus-client-service v0.8.0 (available: v0.29.0)
      Adding cumulus-pallet-aura-ext v0.9.0 (available: v0.23.0)
      Adding cumulus-pallet-parachain-system v0.9.0 (available: v0.23.0)
      Adding cumulus-pallet-session-benchmarking v11.0.0 (available: v24.0.0)
      Adding cumulus-pallet-xcm v0.9.0 (available: v0.22.0)
      Adding cumulus-pallet-xcmp-queue v0.9.0 (available: v0.23.0)
      Adding cumulus-primitives-core v0.9.0 (available: v0.21.0)
      Adding cumulus-primitives-parachain-inherent v0.9.0 (available: v0.21.0)
      Adding cumulus-primitives-utility v0.9.0 (available: v0.23.0)
      Adding cumulus-relay-chain-interface v0.9.0 (available: v0.26.0)
      Adding curve25519-dalek v3.2.0 (available: v3.2.1)
      Adding ed25519-zebra v4.0.3 (available: v4.1.0)
      Adding frame-benchmarking v30.0.0 (available: v43.0.0)
      Adding frame-benchmarking-cli v34.0.0 (available: v51.0.0)
      Adding frame-executive v30.0.0 (available: v43.0.0)
      Adding frame-support v30.0.0 (available: v43.0.0)
      Adding frame-system v30.0.0 (available: v43.0.0)
      Adding frame-system-benchmarking v30.0.0 (available: v43.0.0)
      Adding frame-system-rpc-runtime-api v28.0.0 (available: v39.0.0)
      Adding frame-try-runtime v0.36.0 (available: v0.49.0)
      Adding multihash-codetable v0.1.1 (available: v0.1.4)
      Adding pallet-aura v29.0.0 (available: v42.0.0)
      Adding pallet-balances v30.0.0 (available: v44.0.0)
      Adding pallet-session v30.0.0 (available: v43.0.0)
      Adding pallet-sudo v30.0.0 (available: v43.0.0)
      Adding pallet-timestamp v29.0.0 (available: v42.0.0)
      Adding pallet-transaction-payment v30.0.0 (available: v43.0.0)
      Adding pallet-transaction-payment-rpc v32.0.0 (available: v46.0.0)
      Adding pallet-transaction-payment-rpc-runtime-api v30.0.0 (available: v43.0.0)
      Adding pallet-xcm v9.0.1 (available: v23.0.0)
      Adding polkadot-cli v8.0.0 (available: v29.0.0)
      Adding polkadot-parachain-primitives v8.0.0 (available: v19.0.0)
      Adding polkadot-primitives v9.0.0 (available: v21.0.0)
      Adding polkadot-runtime-common v9.0.0 (available: v22.0.0)
      Adding proc-macro-crate v1.1.3 (available: v1.3.1)
      Adding sc-basic-authorship v0.36.0 (available: v0.52.0)
      Adding sc-chain-spec v29.0.0 (available: v46.0.0)
      Adding sc-cli v0.38.0 (available: v0.55.0)
      Adding sc-client-api v30.0.0 (available: v42.0.0)
      Adding sc-consensus v0.35.0 (available: v0.52.0)
      Adding sc-consensus-aura v0.36.0 (available: v0.53.0)
      Adding sc-executor v0.34.0 (available: v0.45.0)
      Adding sc-network v0.34.0 (available: v0.53.0)
      Adding sc-network-sync v0.34.0 (available: v0.52.0)
      Adding sc-offchain v31.0.0 (available: v48.0.0)
      Adding sc-rpc v31.0.0 (available: v48.0.0)
      Adding sc-service v0.37.0 (available: v0.54.0)
      Adding sc-sysinfo v29.0.0 (available: v45.0.0)
      Adding sc-telemetry v18.0.0 (available: v30.0.0)
      Adding sc-tracing v30.0.0 (available: v42.0.0)
      Adding sc-transaction-pool v30.0.0 (available: v42.0.0)
      Adding sc-transaction-pool-api v30.0.0 (available: v42.0.0)
      Adding sp-api v28.0.0 (available: v39.0.0)
      Adding sp-block-builder v28.0.0 (available: v39.0.0)
      Adding sp-blockchain v30.0.0 (available: v42.0.0)
      Adding sp-consensus v0.34.0 (available: v0.45.0)
      Adding sp-consensus-aura v0.34.0 (available: v0.45.0)
      Adding sp-core v30.0.0 (available: v38.1.0)
      Adding sp-genesis-builder v0.9.0 (available: v0.20.0)
      Adding sp-inherents v28.0.0 (available: v39.0.0)
      Adding sp-io v32.0.0 (available: v43.0.0)
      Adding sp-keystore v0.36.0 (available: v0.44.1)
      Adding sp-offchain v28.0.0 (available: v39.0.0)
      Adding sp-runtime v33.0.0 (available: v44.0.0)
      Adding sp-session v29.0.0 (available: v41.0.0)
      Adding sp-timestamp v28.0.0 (available: v39.0.0)
      Adding sp-transaction-pool v28.0.0 (available: v39.0.0)
      Adding sp-version v31.0.0 (available: v42.0.0)
      Adding staging-parachain-info v0.9.0 (available: v0.23.0)
      Adding staging-xcm v14.1.0 (available: v14.2.2)
      Adding staging-xcm-builder v9.0.0 (available: v23.0.0)
      Adding staging-xcm-executor v9.0.1 (available: v22.0.0)
      Adding substrate-frame-rpc-system v30.0.0 (available: v47.0.0)
      Adding subtle v2.4.1 (available: v2.6.1)
      Adding x25519-dalek v1.1.1 (available: v1.2.0)
 Downloading crates ...
  Downloaded pallet-asset-rate v9.0.0
  Downloaded frame-system-rpc-runtime-api v28.0.0
  Downloaded frame-try-runtime v0.36.0
  Downloaded cumulus-primitives-proof-size-hostfunction v0.4.0
  Downloaded bp-xcm-bridge-hub-router v0.8.0
  Downloaded cumulus-primitives-core v0.9.0
  Downloaded cumulus-pallet-xcmp-queue v0.9.0
  Downloaded cumulus-pallet-xcm v0.9.0
  Downloaded sp-inherents v26.0.0
  Downloaded frame-executive v30.0.0
  Downloaded bitflags v2.10.0
  Downloaded frame-election-provider-support v30.0.0
  Downloaded staging-parachain-info v0.9.0
  Downloaded bounded-collections v0.1.9
  Downloaded pallet-asset-conversion v12.0.0
  Downloaded sp-keystore v0.34.0
  Downloaded cumulus-pallet-parachain-system v0.9.0
  Downloaded pallet-staking-reward-fn v21.0.0
  Downloaded sp-externalities v0.25.0
  Downloaded slot-range-helper v9.0.0
  Downloaded pallet-authority-discovery v30.0.1
  Downloaded sc-network-common v0.33.0
  Downloaded sp-core-hashing v15.0.0
  Downloaded pallet-authorship v30.0.0
  Downloaded sp-core-hashing-proc-macro v15.0.0
  Downloaded polkadot-core-primitives v9.0.0
  Downloaded pallet-transaction-payment-rpc-runtime-api v30.0.0
  Downloaded pallet-election-provider-support-benchmarking v29.0.0
  Downloaded pallet-sudo v30.0.0
  Downloaded sc-transaction-pool-api v28.0.0
  Downloaded polkadot-runtime-metrics v9.0.0
  Downloaded sp-application-crypto v30.0.0
  Downloaded sc-allocator v23.0.0
  Downloaded sp-io v30.0.0
  Downloaded pallet-fast-unstake v29.0.0
  Downloaded sp-consensus-babe v0.34.0
  Downloaded sc-consensus v0.33.0
  Downloaded sp-api v26.0.0
  Downloaded pallet-vesting v30.0.0
  Downloaded pallet-treasury v29.0.0
  Downloaded pallet-aura v29.0.0
  Downloaded pallet-babe v30.0.0
  Downloaded pallet-balances v30.0.0
  Downloaded pallet-identity v30.0.0
  Downloaded sc-executor-wasmtime v0.29.0
  Downloaded sp-version v29.0.0
  Downloaded sp-arithmetic v23.0.0
  Downloaded pallet-xcm v9.0.1
  Downloaded pallet-message-queue v33.0.0
  Downloaded pallet-election-provider-multi-phase v29.0.0
  Downloaded sp-core v28.0.0
  Downloaded sp-timestamp v28.0.0
  Downloaded sp-storage v19.0.0
  Downloaded pallet-broker v0.8.0
  Downloaded itertools v0.12.1
  Downloaded polkadot-runtime-common v9.0.0
  Downloaded pallet-staking v30.0.2
  Downloaded wasm-instrument v0.3.0
  Downloaded sp-runtime v31.0.1
  Downloaded sp-weights v27.0.0
  Downloaded sp-runtime-interface v24.0.0
  Downloaded sp-trie v29.0.0
  Downloaded sc-executor v0.32.0
  Downloaded staging-xcm-builder v9.0.0
  Downloaded sp-state-machine v0.35.0
  Downloaded staging-xcm v9.0.0
  Downloaded unicode-normalization v0.1.24
  Downloaded cumulus-client-network v0.9.0
  Downloaded cumulus-primitives-utility v0.9.0
  Downloaded cumulus-relay-chain-interface v0.9.0
  Downloaded cumulus-primitives-aura v0.9.0
  Downloaded cumulus-client-consensus-aura v0.9.0
  Downloaded cumulus-client-cli v0.9.0
  Downloaded cumulus-client-collator v0.9.0
  Downloaded cumulus-client-consensus-proposer v0.9.0
  Downloaded cumulus-client-consensus-common v0.9.0
  Downloaded cumulus-client-parachain-inherent v0.3.0
  Downloaded cumulus-client-pov-recovery v0.9.0
  Downloaded cumulus-test-relay-sproof-builder v0.9.0
  Downloaded cumulus-pallet-aura-ext v0.9.0
  Downloaded polkadot-node-jaeger v9.0.0
  Downloaded polkadot-node-subsystem-types v9.0.0
  Downloaded cumulus-primitives-parachain-inherent v0.9.0
  Downloaded polkadot-node-subsystem v9.0.0
  Downloaded sc-telemetry v18.0.0
  Downloaded sp-blockchain v28.0.0
  Downloaded sp-consensus-slots v0.34.0
  Downloaded sp-consensus-grandpa v13.0.0
  Downloaded sc-consensus-epochs v0.35.0
  Downloaded pallet-session v30.0.0
  Downloaded polkadot-node-metrics v9.0.0
  Downloaded sp-consensus v0.32.0
  Downloaded pallet-transaction-payment v30.0.0
  Downloaded sc-consensus-aura v0.36.0
  Downloaded pallet-timestamp v29.0.0
  Downloaded pallet-transaction-payment-rpc v32.0.0
  Downloaded sc-consensus-babe v0.36.0
  Downloaded sp-consensus-aura v0.34.0
  Downloaded polkadot-statement-table v9.0.0
  Downloaded sc-executor-common v0.29.0
  Downloaded sc-utils v14.0.0
  Downloaded sc-basic-authorship v0.36.0
  Downloaded polkadot-parachain-primitives v8.0.0
  Downloaded sp-authority-discovery v28.0.0
  Downloaded tracing-gum v9.0.0
  Downloaded substrate-frame-rpc-system v30.0.0
  Downloaded sc-consensus-slots v0.35.0
  Downloaded sp-statement-store v10.0.0
  Downloaded polkadot-overseer v9.0.0
  Downloaded sc-offchain v31.0.0
  Downloaded polkadot-primitives v9.0.0
  Downloaded polkadot-node-primitives v9.0.0
  Downloaded sc-authority-discovery v0.36.0
  Downloaded sp-npos-elections v28.0.0
  Downloaded sc-client-api v28.0.0
  Downloaded polkadot-node-network-protocol v9.0.0
  Downloaded staging-xcm-executor v9.0.1
  Downloaded staging-xcm v14.1.0
  Downloaded polkadot-runtime-parachains v9.0.0
  Downloaded sc-network v0.34.0
   Compiling unicode-ident v1.0.19
   Compiling proc-macro2 v1.0.101
   Compiling quote v1.0.41
   Compiling libc v0.2.177
    Checking cfg-if v1.0.4
   Compiling version_check v0.9.5
   Compiling typenum v1.19.0
   Compiling shlex v1.3.0
   Compiling syn v2.0.107
   Compiling find-msvc-tools v0.1.4
   Compiling serde_core v1.0.228
   Compiling jobserver v0.1.34
    Checking getrandom v0.2.16
   Compiling cc v1.2.41
    Checking memchr v2.7.6
   Compiling serde v1.0.228
   Compiling autocfg v1.5.0
    Checking log v0.4.28
    Checking rand_core v0.6.4
   Compiling zerocopy v0.8.27
   Compiling generic-array v0.14.9
    Checking pin-project-lite v0.2.16
    Checking bytes v1.10.1
    Checking smallvec v1.15.1
   Compiling equivalent v1.0.2
   Compiling hashbrown v0.16.0
    Checking once_cell v1.21.3
    Checking futures-core v0.3.31
    Checking futures-io v0.3.31
   Compiling thiserror v1.0.69
   Compiling indexmap v2.12.0
    Checking slab v0.4.11
    Checking futures-sink v0.3.31
    Checking subtle v2.4.1
    Checking futures-channel v0.3.31
    Checking pin-utils v0.1.0
    Checking scopeguard v1.2.0
    Checking futures-task v0.3.31
    Checking lock_api v0.4.14
   Compiling winnow v0.7.13
    Checking arrayvec v0.7.6
    Checking ppv-lite86 v0.2.21
   Compiling anyhow v1.0.100
   Compiling parking_lot_core v0.9.12
   Compiling unicode-xid v0.2.6
   Compiling serde_derive v1.0.228
   Compiling zeroize_derive v1.4.2
   Compiling thiserror-impl v1.0.69
    Checking zeroize v1.8.2
   Compiling futures-macro v0.3.31
    Checking crypto-common v0.1.6
    Checking cpufeatures v0.2.17
   Compiling rustversion v1.0.22
    Checking futures-util v0.3.31
    Checking parking_lot v0.12.5
   Compiling toml_parser v1.0.4
    Checking rand_chacha v0.3.1
   Compiling toml_datetime v0.7.3
   Compiling toml_edit v0.23.7
    Checking rand v0.8.5
    Checking const-oid v0.9.6
   Compiling proc-macro-crate v3.4.0
    Checking byteorder v1.5.0
    Checking block-buffer v0.10.4
    Checking digest v0.10.7
   Compiling synstructure v0.13.2
    Checking stable_deref_trait v1.2.1
    Checking num_cpus v1.17.0
   Compiling zerovec-derive v0.11.1
    Checking futures-executor v0.3.31
    Checking futures v0.3.31
   Compiling displaydoc v0.2.5
   Compiling zerofrom-derive v0.1.6
   Compiling yoke-derive v0.8.0
    Checking static_assertions v1.1.0
   Compiling libm v0.2.15
   Compiling aho-corasick v1.1.3
   Compiling num-traits v0.2.19
   Compiling regex-syntax v0.8.8
    Checking zerofrom v0.1.6
    Checking itoa v1.0.15
    Checking yoke v0.8.0
    Checking zerovec v0.11.4
    Checking litemap v0.8.0
    Checking writeable v0.6.1
    Checking tinystr v0.8.1
    Checking potential_utf v0.1.3
    Checking icu_locale_core v2.0.0
   Compiling regex-automata v0.4.13
    Checking zerotrie v0.2.2
   Compiling icu_properties_data v2.0.1
   Compiling icu_normalizer_data v2.0.0
    Checking icu_provider v2.0.0
    Checking icu_collections v2.0.0
   Compiling pkg-config v0.3.32
   Compiling getrandom v0.3.4
    Checking icu_properties v2.0.1
    Checking icu_normalizer v2.0.0
   Compiling const_format_proc_macros v0.2.34
    Checking tracing-core v0.1.34
   Compiling regex v1.12.2
    Checking idna_adapter v1.2.1
    Checking percent-encoding v2.3.2
    Checking utf8_iter v1.0.4
    Checking form_urlencoded v1.2.2
    Checking idna v1.1.0
   Compiling radium v0.7.0
   Compiling parity-scale-codec-derive v3.7.5
    Checking url v2.5.7
   Compiling impl-trait-for-tuples v0.2.3
   Compiling tracing-attributes v0.1.30
    Checking tap v1.0.1
   Compiling crossbeam-utils v0.8.21
   Compiling lazy_static v1.5.0
    Checking wyz v0.5.1
    Checking sha2 v0.10.9
   Compiling parity-scale-codec v3.7.5
    Checking funty v2.0.0
    Checking tracing v0.1.41
    Checking const_format v0.2.35
   Compiling semver v1.0.27
    Checking byte-slice-cast v1.2.3
    Checking bitvec v1.0.1
   Compiling ahash v0.8.12
    Checking arrayref v0.3.9
    Checking either v1.15.0
   Compiling rustc_version v0.4.1
   Compiling crc32fast v1.5.0
    Checking digest v0.9.0
    Checking keccak v0.1.5
   Compiling curve25519-dalek v4.1.3
   Compiling derive_more-impl v1.0.0
   Compiling serde_json v1.0.145
   Compiling scale-info-derive v2.11.6
   Compiling curve25519-dalek-derive v0.1.1
    Checking derive_more v1.0.0
    Checking ryu v1.0.20
    Checking bitflags v1.3.2
   Compiling paste v1.0.15
    Checking bitflags v2.10.0
    Checking constant_time_eq v0.3.1
    Checking opaque-debug v0.3.1
    Checking scale-info v2.11.6
    Checking sha3 v0.10.8
    Checking instant v0.1.13
    Checking blake2b_simd v1.0.3
   Compiling ahash v0.7.8
    Checking sp-std v14.0.0
    Checking hashbrown v0.13.2
    Checking block-buffer v0.9.0
   Compiling prettyplease v0.2.37
    Checking hashbrown v0.12.3
   Compiling zstd-sys v2.0.16+zstd.1.5.7
   Compiling indexmap v1.9.3
   Compiling fs-err v2.11.0
   Compiling rustix v1.1.2
    Checking linux-raw-sys v0.11.0
   Compiling crunchy v0.2.4
   Compiling io-lifetimes v1.0.11
   Compiling Inflector v0.11.4
    Checking cranelift-entity v0.95.1
    Checking base64 v0.21.7
   Compiling target-lexicon v0.12.16
    Checking fallible-iterator v0.2.0
    Checking gimli v0.27.3
   Compiling sp-debug-derive v14.0.0
   Compiling cranelift-isle v0.95.1
    Checking hex v0.4.3
   Compiling expander v2.2.1
    Checking tinyvec_macros v0.1.1
   Compiling cranelift-codegen-shared v0.95.1
    Checking tinyvec v1.10.0
   Compiling cranelift-codegen-meta v0.95.1
   Compiling blake2 v0.10.6
   Compiling file-guard v0.2.0
    Checking unicode-normalization v0.1.24
    Checking wasmparser v0.102.0
    Checking fxhash v0.2.1
   Compiling parking_lot_core v0.8.6
    Checking slice-group-by v0.3.1
   Compiling cranelift-codegen v0.95.1
    Checking regalloc2 v0.6.1
    Checking cranelift-bforest v0.95.1
    Checking object v0.30.4
    Checking wasmtime-types v8.0.1
   Compiling getrandom v0.1.16
    Checking bumpalo v3.19.0
   Compiling rustix v0.36.17
    Checking errno v0.3.14
    Checking linux-raw-sys v0.1.4
   Compiling ref-cast v1.0.25
    Checking wasmtime-environ v8.0.1
    Checking parking_lot v0.11.2
    Checking uint v0.9.5
    Checking itertools v0.10.5
    Checking impl-serde v0.4.0
   Compiling ref-cast-impl v1.0.25
   Compiling memoffset v0.8.0
    Checking iana-time-zone v0.1.64
   Compiling zstd-safe v5.0.2+zstd.1.5.2
    Checking environmental v1.1.4
    Checking chrono v0.4.42
    Checking rand_core v0.5.1
    Checking crossbeam-epoch v0.9.18
   Compiling wasmtime-runtime v8.0.1
    Checking is-terminal v0.4.16
    Checking rustc-demangle v0.1.26
   Compiling rayon-core v1.13.0
    Checking termcolor v1.4.1
    Checking humantime v2.3.0
   Compiling cpp_demangle v0.3.5
    Checking env_logger v0.10.2
    Checking crossbeam-deque v0.8.6
   Compiling libsecp256k1-core v0.3.0
    Checking curve25519-dalek v3.2.0
    Checking wasmtime-jit-debug v8.0.1
    Checking memfd v0.6.5
    Checking bincode v1.3.3
   Compiling psm v0.1.27
    Checking dirs-sys-next v0.1.2
    Checking wasmtime-asm-macros v8.0.1
   Compiling wasmtime-cache v8.0.1
    Checking regex-syntax v0.6.29
    Checking cranelift-frontend v0.95.1
    Checking cranelift-native v0.95.1
    Checking regex-automata v0.1.10
    Checking wasmtime-cranelift-shared v8.0.1
    Checking directories-next v2.0.0
    Checking cranelift-wasm v0.95.1
    Checking zstd v0.11.2+zstd.1.5.2
    Checking file-per-thread-logger v0.1.6
    Checking addr2line v0.19.0
    Checking sha2 v0.9.9
    Checking toml v0.5.11
    Checking wasmtime-jit-icache-coherence v8.0.1
   Compiling bitcoin-internals v0.2.0
    Checking rustc-hex v2.1.0
   Compiling wasmtime v8.0.1
    Checking base64 v0.22.1
    Checking wasmtime-cranelift v8.0.1
    Checking rayon v1.11.0
    Checking wasmtime-jit v8.0.1
    Checking matchers v0.0.1
   Compiling libsecp256k1-gen-genmult v0.3.0
   Compiling libsecp256k1-gen-ecmult v0.3.0
    Checking sharded-slab v0.1.7
    Checking merlin v3.0.0
    Checking tracing-log v0.1.4
    Checking tracing-serde v0.1.3
    Checking twox-hash v1.6.3
    Checking crypto-mac v0.8.0
    Checking thread_local v1.1.9
    Checking ansi_term v0.12.1
    Checking hmac v0.8.1
   Compiling libsecp256k1 v0.7.2
    Checking tracing-subscriber v0.2.25
    Checking fixed-hash v0.8.0
    Checking impl-codec v0.6.0
    Checking hex-conservative v0.1.2
    Checking primitive-types v0.12.2
    Checking bitcoin_hashes v0.13.0
    Checking sp-tracing v16.0.0
    Checking hmac-drbg v0.3.0
    Checking crypto-mac v0.11.1
   Compiling secp256k1-sys v0.9.2
    Checking array-bytes v6.2.3
    Checking hash-db v0.16.0
    Checking bip39 v2.2.0
   Compiling ss58-registry v1.51.0
    Checking sp-wasm-interface v20.0.0
    Checking getrandom_or_panic v0.0.3
   Compiling dyn-clonable-impl v0.9.2
    Checking serde_bytes v0.11.19
    Checking bs58 v0.5.1
    Checking dyn-clone v1.0.20
    Checking schnorrkel v0.11.5
    Checking dyn-clonable v0.9.2
    Checking pbkdf2 v0.8.0
    Checking hmac v0.11.0
    Checking num-format v0.4.4
    Checking substrate-bip39 v0.4.6
    Checking ed25519-zebra v3.1.0
    Checking hash256-std-hasher v0.15.2
    Checking secrecy v0.8.0
    Checking signature v2.2.0
    Checking nohash-hasher v0.2.0
    Checking ed25519 v2.2.3
    Checking bounded-collections v0.2.4
    Checking ed25519-dalek v2.2.0
    Checking integer-sqrt v0.1.5
    Checking sp-storage v20.0.0
    Checking trie-db v0.28.0
    Checking memory-db v0.32.0
    Checking trie-root v0.18.0
    Checking schnellru v0.2.4
   Compiling object v0.37.3
    Checking adler2 v2.0.1
    Checking gimli v0.32.3
    Checking miniz_oxide v0.8.9
    Checking secp256k1 v0.28.2
    Checking sp-crypto-hashing v0.1.0
   Compiling derive-syn-parse v0.2.0
   Compiling toml_datetime v0.6.11
   Compiling serde_spanned v0.6.9
   Compiling toml_write v0.1.2
   Compiling same-file v1.0.6
   Compiling toml_edit v0.22.27
   Compiling walkdir v2.5.0
    Checking addr2line v0.25.1
   Compiling common-path v1.0.0
    Checking simple-mermaid v0.1.1
   Compiling syn v1.0.109
    Checking backtrace v0.3.76
    Checking sp-panic-handler v13.0.2
   Compiling toml v0.8.23
    Checking parity-wasm v0.45.0
   Compiling docify_macros v0.2.9
   Compiling async-trait v0.1.89
    Checking docify v0.2.9
    Checking frame-metadata v16.0.0
   Compiling sp-crypto-hashing-proc-macro v0.1.0
   Compiling proc-macro-error-attr v1.0.4
   Compiling sp-version-proc-macro v13.0.0
   Compiling proc-macro-error v1.0.4
    Checking sp-metadata-ir v0.6.0
    Checking hmac v0.12.1
    Checking fnv v1.0.7
    Checking signal-hook-registry v1.4.6
   Compiling sp-runtime-interface-proc-macro v17.0.0
   Compiling tokio-macros v2.6.0
    Checking mio v1.1.0
    Checking socket2 v0.6.1
   Compiling heck v0.4.1
    Checking futures-timer v3.0.3
    Checking tokio v1.48.0
   Compiling httparse v1.10.1
    Checking sp-externalities v0.26.0
   Compiling pin-project-internal v1.1.10
    Checking sp-runtime-interface v25.0.0
    Checking sp-core v29.0.0
    Checking event-listener v2.5.3
    Checking pin-project v1.1.10
   Compiling proc-macro-crate v1.1.3
    Checking tower-service v0.3.3
    Checking concurrent-queue v2.5.0
   Compiling blake3 v1.8.2
    Checking httpdate v1.0.3
   Compiling zstd-safe v6.0.6
    Checking sp-trie v30.0.0
    Checking asynchronous-codec v0.6.2
    Checking core2 v0.4.0
    Checking unsigned-varint v0.7.2
    Checking tokio-util v0.7.16
    Checking sp-arithmetic v24.0.0
   Compiling sp-io v31.0.0
    Checking data-encoding v2.9.0
    Checking sp-state-machine v0.36.0
    Checking sp-keystore v0.35.0
   Compiling synstructure v0.12.6
   Compiling match-lookup v0.1.1
    Checking const-str v0.4.3
   Compiling multihash-derive v0.8.1
    Checking base256emoji v1.0.2
   Compiling data-encoding-macro-internal v0.1.16
    Checking blake2s_simd v1.0.3
    Checking data-encoding-macro v0.1.18
    Checking base-x v0.2.11
    Checking sp-weights v28.0.0
    Checking multibase v0.9.2
    Checking multihash v0.17.0
   Compiling prometheus v0.13.4
    Checking atomic-waker v1.1.2
    Checking http v1.3.1
    Checking quick-protobuf v0.8.1
    Checking kvdb v0.13.0
    Checking multiaddr v0.17.1
    Checking bs58 v0.4.0
    Checking zstd v0.12.4
    Checking http v0.2.12
    Checking libp2p-identity v0.1.3
   Compiling sp-api-proc-macro v15.0.2
   Compiling ring v0.17.14
    Checking sp-maybe-compressed-blob v11.0.1
    Checking sp-database v10.0.0
    Checking async-channel v1.9.0
    Checking sp-application-crypto v31.0.0
    Checking sp-externalities v0.27.0
   Compiling sp-runtime-interface-proc-macro v18.0.0
    Checking sp-runtime v32.0.0
    Checking sp-runtime-interface v26.0.0
    Checking http-body v1.0.1
   Compiling vcpkg v0.2.15
    Checking sp-core v30.0.0
   Compiling libz-sys v1.1.22
    Checking untrusted v0.9.0
    Checking h2 v0.4.12
    Checking inout v0.1.4
    Checking cipher v0.4.4
    Checking http-body-util v0.1.3
    Checking universal-hash v0.5.1
    Checking flate2 v1.1.4
    Checking sha-1 v0.9.8
    Checking base64 v0.13.1
    Checking multistream-select v0.12.1
    Checking soketto v0.7.1
    Checking rw-stream-sink v0.3.0
    Checking void v1.0.2
    Checking libp2p-core v0.39.2
    Checking polyval v0.6.2
    Checking x25519-dalek v2.0.1
    Checking ghash v0.5.1
    Checking hyper v1.7.0
    Checking aes v0.8.4
    Checking ctr v0.9.2
    Checking sp-version v30.0.0
    Checking sp-trie v31.0.0
    Checking sct v0.7.1
    Checking sp-arithmetic v25.0.0
    Checking aead v0.5.2
    Checking hyper-util v0.1.17
    Checking aes-gcm v0.10.3
    Checking sp-api v27.0.1
    Checking substrate-prometheus-endpoint v0.17.7
    Checking hkdf v0.12.4
    Checking wasm-instrument v0.4.0
   Compiling sp-io v32.0.0
    Checking sp-state-machine v0.37.0
    Checking sp-keystore v0.36.0
   Compiling thiserror v2.0.17
   Compiling wasm-bindgen-shared v0.2.104
   Compiling thiserror-impl v2.0.17
    Checking socket2 v0.4.10
    Checking sp-weights v29.0.0
   Compiling libp2p-swarm-derive v0.32.0
    Checking linked-hash-map v0.5.6
    Checking netlink-packet-utils v0.5.2
    Checking libp2p-swarm v0.42.2
   Compiling wasm-bindgen-backend v0.2.104
    Checking netlink-packet-core v0.7.0
    Checking sp-application-crypto v32.0.0
   Compiling ring v0.16.20
    Checking sp-runtime v33.0.0
    Checking ipnet v2.11.0
   Compiling wasm-bindgen-macro-support v0.2.104
    Checking netlink-sys v0.8.7
   Compiling wasm-bindgen v0.2.104
    Checking matches v0.1.10
    Checking unicode-bidi v0.3.18
   Compiling wasm-bindgen-macro v0.2.104
    Checking idna v0.2.3
    Checking netlink-proto v0.11.5
    Checking netlink-packet-route v0.17.1
    Checking webpki v0.22.4
    Checking sp-inherents v27.0.0
   Compiling enum-as-inner v0.5.1
    Checking nix v0.26.4
    Checking untrusted v0.7.1
    Checking spin v0.5.2
   Compiling rustls v0.20.9
    Checking trust-dns-proto v0.22.0
    Checking rtnetlink v0.13.1
   Compiling snow v0.9.6
    Checking predicates-core v1.0.9
    Checking if-watch v3.2.1
    Checking lru-cache v0.1.2
    Checking float-cmp v0.9.0
    Checking pin-project-lite v0.1.12
    Checking js-sys v0.3.81
    Checking resolv-conf v0.7.5
    Checking termtree v0.5.1
    Checking difflib v0.4.0
    Checking normalize-line-endings v0.3.0
    Checking predicates v2.1.5
    Checking predicates-tree v1.0.12
    Checking trust-dns-resolver v0.22.0
    Checking quicksink v0.1.2
    Checking futures-rustls v0.22.2
    Checking webpki-roots v0.22.6
    Checking quick-protobuf-codec v0.1.0
   Compiling mockall_derive v0.11.4
    Checking yamux v0.10.2
    Checking x25519-dalek v1.1.1
    Checking lru v0.10.1
    Checking downcast v0.11.0
    Checking fragile v2.0.1
    Checking parity-send-wrapper v0.1.0
    Checking libp2p-identify v0.42.2
    Checking libp2p-noise v0.42.2
    Checking libp2p-yamux v0.43.1
    Checking libp2p-dns v0.39.0
    Checking libp2p-websocket v0.41.0
    Checking libp2p-mdns v0.43.1
    Checking libp2p-tcp v0.39.0
    Checking libp2p-kad v0.43.3
    Checking wasm-bindgen-futures v0.4.54
    Checking libp2p-request-response v0.24.1
    Checking libp2p-wasm-ext v0.39.0
    Checking libp2p-ping v0.42.0
    Checking libp2p-allow-block-list v0.1.1
    Checking libp2p-connection-limits v0.1.0
    Checking wasm-timer v0.2.5
    Checking tokio-stream v0.1.17
    Checking sp-version v31.0.0
    Checking libp2p v0.51.4
   Compiling sp-api-proc-macro v16.0.0
    Checking finality-grandpa v0.16.3
    Checking mockall v0.11.4
   Compiling convert_case v0.4.0
   Compiling derive_more v0.99.20
    Checking sp-inherents v28.0.0
    Checking linked_hash_set v0.1.5
    Checking partial_sort v0.2.0
    Checking ip_network v0.4.1
    Checking sp-api v28.0.0
   Compiling fastrand v2.3.0
   Compiling rustix v0.38.44
   Compiling fixedbitset v0.4.2
   Compiling prost-derive v0.11.9
   Compiling petgraph v0.6.5
   Compiling linux-raw-sys v0.4.15
   Compiling tempfile v3.23.0
   Compiling prettyplease v0.1.25
   Compiling home v0.5.11
   Compiling prost v0.11.9
   Compiling prost-types v0.11.9
   Compiling multimap v0.8.3
    Checking http-body v0.4.6
    Checking try-lock v0.2.5
    Checking h2 v0.3.27
    Checking want v0.3.1
    Checking socket2 v0.5.10
    Checking rustc-hash v1.1.0
   Compiling which v4.4.2
   Compiling prost-build v0.11.9
    Checking beef v0.5.2
    Checking tower-layer v0.3.3
    Checking sp-consensus v0.33.0
    Checking sc-allocator v24.0.0
    Checking sp-blockchain v29.0.0
   Compiling sc-executor-wasmtime v0.30.0
    Checking sc-executor-common v0.30.0
    Checking sc-utils v15.0.0
    Checking route-recognizer v0.3.1
